This is pdfTeX, Version 3.141592653-2.6-1.40.23 (MiKTeX 21.10) (preloaded format=pdflatex 2021.10.28)  5 MAY 2025 15:39
entering extended mode
**./Bayesian-Project-JW-EZ.tex
(Bayesian-Project-JW-EZ.tex
LaTeX2e <2021-06-01> patch level 1
L3 programming layer <2021-10-18> (Class/julia.cls
(C:\Program Files\MiKTeX\tex/latex/base\article.cls
Document Class: article 2021/02/12 v1.4n Standard LaTeX document class
(C:\Program Files\MiKTeX\tex/latex/base\size10.clo
File: size10.clo 2021/02/12 v1.4n Standard LaTeX file (size option)
)
\c@part=\count182
\c@section=\count183
\c@subsection=\count184
\c@subsubsection=\count185
\c@paragraph=\count186
\c@subparagraph=\count187
\c@figure=\count188
\c@table=\count189
\abovecaptionskip=\skip47
\belowcaptionskip=\skip48
\bibindent=\dimen138
)
*************
* julia *
*************
(C:\Program Files\MiKTeX\tex/latex/natbib\natbib.sty
Package: natbib 2010/09/13 8.31b (PWD, AO)
\bibhang=\skip49
\bibsep=\skip50
LaTeX Info: Redefining \cite on input line 694.
\c@NAT@ctr=\count190
))
(C:\Program Files\MiKTeX\tex/latex/geometry\geometry.sty
Package: geometry 2020/01/02 v5.9 Page Geometry

(C:\Program Files\MiKTeX\tex/latex/graphics\keyval.sty
Package: keyval 2014/10/28 v1.15 key=value parser (DPC)
\KV@toks@=\toks16
)
(C:\Program Files\MiKTeX\tex/generic/iftex\ifvtex.sty
Package: ifvtex 2019/10/25 v1.7 ifvtex legacy package. Use iftex instead.

(C:\Program Files\MiKTeX\tex/generic/iftex\iftex.sty
Package: iftex 2020/03/06 v1.0d TeX engine tests
))
\Gm@cnth=\count191
\Gm@cntv=\count192
\c@Gm@tempcnt=\count193
\Gm@bindingoffset=\dimen139
\Gm@wd@mp=\dimen140
\Gm@odd@mp=\dimen141
\Gm@even@mp=\dimen142
\Gm@layoutwidth=\dimen143
\Gm@layoutheight=\dimen144
\Gm@layouthoffset=\dimen145
\Gm@layoutvoffset=\dimen146
\Gm@dimlist=\toks17

(C:\Program Files\MiKTeX\tex/latex/geometry\geometry.cfg))
(C:\Program Files\MiKTeX\tex/latex/graphics\graphicx.sty
Package: graphicx 2020/12/05 v1.2c Enhanced LaTeX Graphics (DPC,SPQR)

(C:\Program Files\MiKTeX\tex/latex/graphics\graphics.sty
Package: graphics 2021/03/04 v1.4d Standard LaTeX Graphics (DPC,SPQR)

(C:\Program Files\MiKTeX\tex/latex/graphics\trig.sty
Package: trig 2016/01/03 v1.10 sin cos tan (DPC)
)
(C:\Program Files\MiKTeX\tex/latex/graphics-cfg\graphics.cfg
File: graphics.cfg 2016/06/04 v1.11 sample graphics configuration
)
Package graphics Info: Driver file: pdftex.def on input line 107.

(C:\Program Files\MiKTeX\tex/latex/graphics-def\pdftex.def
File: pdftex.def 2020/10/05 v1.2a Graphics/color driver for pdftex
))
\Gin@req@height=\dimen147
\Gin@req@width=\dimen148
)
(C:\Program Files\MiKTeX\tex/latex-dev/tools\array.sty
Package: array 2021/07/12 v2.5f Tabular extension package (FMi)
\col@sep=\dimen149
\ar@mcellbox=\box50
\extrarowheight=\dimen150
\NC@list=\toks18
\extratabsurround=\skip51
\backup@length=\skip52
\ar@cellbox=\box51
)
(C:\Program Files\MiKTeX\tex/latex-dev/tools\calc.sty
Package: calc 2017/05/25 v4.3 Infix arithmetic (KKT,FJ)
\calc@Acount=\count194
\calc@Bcount=\count195
\calc@Adimen=\dimen151
\calc@Bdimen=\dimen152
\calc@Askip=\skip53
\calc@Bskip=\skip54
LaTeX Info: Redefining \setlength on input line 80.
LaTeX Info: Redefining \addtolength on input line 81.
\calc@Ccount=\count196
\calc@Cskip=\skip55
)
(C:\Program Files\MiKTeX\tex/latex/siunitx\siunitx.sty
Package: siunitx 2021-10-15 v3.0.33 A comprehensive (SI) units package
\l__siunitx_angle_tmp_dim=\dimen153
\l__siunitx_angle_marker_box=\box52
\l__siunitx_angle_unit_box=\box53
\l__siunitx_compound_count_int=\count197

(C:\Program Files\MiKTeX\tex/latex/translations\translations.sty
Package: translations 2021/01/17 v1.10a internationalization of LaTeX2e package
s (CN)

(C:\Program Files\MiKTeX\tex/latex/etoolbox\etoolbox.sty
Package: etoolbox 2020/10/05 v2.5k e-TeX tools for LaTeX (JAW)
\etb@tempcnta=\count198
)
(C:\Program Files\MiKTeX\tex/generic/pdftexcmds\pdftexcmds.sty
Package: pdftexcmds 2020-06-27 v0.33 Utility functions of pdfTeX for LuaTeX (HO
)

(C:\Program Files\MiKTeX\tex/generic/infwarerr\infwarerr.sty
Package: infwarerr 2019/12/03 v1.5 Providing info/warning/error messages (HO)
)
(C:\Program Files\MiKTeX\tex/generic/ltxcmds\ltxcmds.sty
Package: ltxcmds 2020-05-10 v1.25 LaTeX kernel commands for general use (HO)
)
Package pdftexcmds Info: \pdf@primitive is available.
Package pdftexcmds Info: \pdf@ifprimitive is available.
Package pdftexcmds Info: \pdfdraftmode found.
))
\l__siunitx_number_exponent_fixed_int=\count199
\l__siunitx_number_min_decimal_int=\count266
\l__siunitx_number_min_integer_int=\count267
\l__siunitx_number_round_precision_int=\count268
\l__siunitx_number_group_minimum_int=\count269

(C:\Program Files\MiKTeX\tex/latex/amsmath\amstext.sty
Package: amstext 2000/06/29 v2.01 AMS text

(C:\Program Files\MiKTeX\tex/latex/amsmath\amsgen.sty
File: amsgen.sty 1999/11/30 v2.0 generic functions
\@emptytoks=\toks19
\ex@=\dimen154
))
(C:\Program Files\MiKTeX\tex/latex/graphics\color.sty
Package: color 2020/02/24 v1.2b Standard LaTeX Color (DPC)

(C:\Program Files\MiKTeX\tex/latex/graphics-cfg\color.cfg
File: color.cfg 2016/01/02 v1.6 sample color configuration
)
Package color Info: Driver file: pdftex.def on input line 149.
)
\l__siunitx_table_tmp_box=\box54
\l__siunitx_table_tmp_dim=\dimen155
\l__siunitx_table_column_width_dim=\dimen156
\l__siunitx_table_integer_box=\box55
\l__siunitx_table_decimal_box=\box56
\l__siunitx_table_before_box=\box57
\l__siunitx_table_after_box=\box58
\l__siunitx_table_before_dim=\dimen157
\l__siunitx_table_carry_dim=\dimen158
\l__siunitx_unit_tmp_int=\count270
\l__siunitx_unit_position_int=\count271
\l__siunitx_unit_total_int=\count272

(C:\Program Files\MiKTeX\tex/latex/l3packages/l3keys2e\l3keys2e.sty
(C:\Program Files\MiKTeX\tex/latex/l3kernel\expl3.sty
Package: expl3 2021-10-18 L3 programming layer (loader) 

(C:\Program Files\MiKTeX\tex/latex/l3backend\l3backend-pdftex.def
File: l3backend-pdftex.def 2021-10-18 L3 backend support: PDF output (pdfTeX)
\l__color_backend_stack_int=\count273
\l__pdf_internal_box=\box59
))
Package: l3keys2e 2021-08-27 LaTeX2e option processing using LaTeX3 keys
))
(C:\Program Files\MiKTeX\tex/latex/amsmath\amsmath.sty
Package: amsmath 2021/04/20 v2.17j AMS math features
\@mathmargin=\skip56

For additional information on amsmath, use the `?' option.
(C:\Program Files\MiKTeX\tex/latex/amsmath\amsbsy.sty
Package: amsbsy 1999/11/29 v1.2d Bold Symbols
\pmbraise@=\dimen159
)
(C:\Program Files\MiKTeX\tex/latex/amsmath\amsopn.sty
Package: amsopn 2016/03/08 v2.02 operator names
)
\inf@bad=\count274
LaTeX Info: Redefining \frac on input line 234.
\uproot@=\count275
\leftroot@=\count276
LaTeX Info: Redefining \overline on input line 399.
\classnum@=\count277
\DOTSCASE@=\count278
LaTeX Info: Redefining \ldots on input line 496.
LaTeX Info: Redefining \dots on input line 499.
LaTeX Info: Redefining \cdots on input line 620.
\Mathstrutbox@=\box60
\strutbox@=\box61
\big@size=\dimen160
LaTeX Font Info:    Redeclaring font encoding OML on input line 743.
LaTeX Font Info:    Redeclaring font encoding OMS on input line 744.
\macc@depth=\count279
\c@MaxMatrixCols=\count280
\dotsspace@=\muskip16
\c@parentequation=\count281
\dspbrk@lvl=\count282
\tag@help=\toks20
\row@=\count283
\column@=\count284
\maxfields@=\count285
\andhelp@=\toks21
\eqnshift@=\dimen161
\alignsep@=\dimen162
\tagshift@=\dimen163
\tagwidth@=\dimen164
\totwidth@=\dimen165
\lineht@=\dimen166
\@envbody=\toks22
\multlinegap=\skip57
\multlinetaggap=\skip58
\mathdisplay@stack=\toks23
LaTeX Info: Redefining \[ on input line 2923.
LaTeX Info: Redefining \] on input line 2924.
)
(C:\Program Files\MiKTeX\tex/latex/amsfonts\amsfonts.sty
Package: amsfonts 2013/01/14 v3.01 Basic AMSFonts support
\symAMSa=\mathgroup4
\symAMSb=\mathgroup5
LaTeX Font Info:    Redeclaring math symbol \hbar on input line 98.
LaTeX Font Info:    Overwriting math alphabet `\mathfrak' in version `bold'
(Font)                  U/euf/m/n --> U/euf/b/n on input line 106.
)
(C:\Program Files\MiKTeX\tex/latex/caption\subcaption.sty
Package: subcaption 2020/10/07 v1.3j Sub-captions (AR)

(C:\Program Files\MiKTeX\tex/latex/caption\caption.sty
Package: caption 2020/10/26 v3.5g Customizing captions (AR)

(C:\Program Files\MiKTeX\tex/latex/caption\caption3.sty
Package: caption3 2020/10/21 v2.2e caption3 kernel (AR)
\captionmargin=\dimen167
\captionmargin@=\dimen168
\captionwidth=\dimen169
\caption@tempdima=\dimen170
\caption@indent=\dimen171
\caption@parindent=\dimen172
\caption@hangindent=\dimen173
Package caption Info: Standard document class detected.
)
\c@caption@flags=\count286
\c@continuedfloat=\count287
)
\c@subfigure=\count288
\c@subtable=\count289
)
(C:\Program Files\MiKTeX\tex/latex/threeparttable\threeparttable.sty
Package: threeparttable 2003/06/13  v 3.0
\@tempboxb=\box62
)
(C:\Program Files\MiKTeX\tex/latex/hyperref\hyperref.sty
Package: hyperref 2021-06-07 v7.00m Hypertext links for LaTeX

(C:\Program Files\MiKTeX\tex/generic/kvsetkeys\kvsetkeys.sty
Package: kvsetkeys 2019/12/15 v1.18 Key value parser (HO)
)
(C:\Program Files\MiKTeX\tex/generic/kvdefinekeys\kvdefinekeys.sty
Package: kvdefinekeys 2019-12-19 v1.6 Define keys (HO)
)
(C:\Program Files\MiKTeX\tex/generic/pdfescape\pdfescape.sty
Package: pdfescape 2019/12/09 v1.15 Implements pdfTeX's escape features (HO)
)
(C:\Program Files\MiKTeX\tex/latex/hycolor\hycolor.sty
Package: hycolor 2020-01-27 v1.10 Color options for hyperref/bookmark (HO)
)
(C:\Program Files\MiKTeX\tex/latex/letltxmacro\letltxmacro.sty
Package: letltxmacro 2019/12/03 v1.6 Let assignment for LaTeX macros (HO)
)
(C:\Program Files\MiKTeX\tex/latex/auxhook\auxhook.sty
Package: auxhook 2019-12-17 v1.6 Hooks for auxiliary files (HO)
)
(C:\Program Files\MiKTeX\tex/latex/kvoptions\kvoptions.sty
Package: kvoptions 2020-10-07 v3.14 Key value format for package options (HO)
)
\@linkdim=\dimen174
\Hy@linkcounter=\count290
\Hy@pagecounter=\count291

(C:\Program Files\MiKTeX\tex/latex/hyperref\pd1enc.def
File: pd1enc.def 2021-06-07 v7.00m Hyperref: PDFDocEncoding definition (HO)
Now handling font encoding PD1 ...
... no UTF-8 mapping file for font encoding PD1
)
(C:\Program Files\MiKTeX\tex/latex/hyperref\hyperref-langpatches.def
File: hyperref-langpatches.def 2021-06-07 v7.00m Hyperref: patches for babel la
nguages
)
(C:\Program Files\MiKTeX\tex/generic/intcalc\intcalc.sty
Package: intcalc 2019/12/15 v1.3 Expandable calculations with integers (HO)
)
(C:\Program Files\MiKTeX\tex/generic/etexcmds\etexcmds.sty
Package: etexcmds 2019/12/15 v1.7 Avoid name clashes with e-TeX commands (HO)
)
\Hy@SavedSpaceFactor=\count292

(C:\Program Files\MiKTeX\tex/latex/hyperref\puenc.def
File: puenc.def 2021-06-07 v7.00m Hyperref: PDF Unicode definition (HO)
Now handling font encoding PU ...
... no UTF-8 mapping file for font encoding PU
)
Package hyperref Info: Hyper figures OFF on input line 4192.
Package hyperref Info: Link nesting OFF on input line 4197.
Package hyperref Info: Hyper index ON on input line 4200.
Package hyperref Info: Plain pages OFF on input line 4207.
Package hyperref Info: Backreferencing OFF on input line 4212.
Package hyperref Info: Implicit mode ON; LaTeX internals redefined.
Package hyperref Info: Bookmarks ON on input line 4445.
\c@Hy@tempcnt=\count293

(C:\Program Files\MiKTeX\tex/latex/url\url.sty
\Urlmuskip=\muskip17
Package: url 2013/09/16  ver 3.4  Verb mode for urls, etc.
)
LaTeX Info: Redefining \url on input line 4804.
\XeTeXLinkMargin=\dimen175

(C:\Program Files\MiKTeX\tex/generic/bitset\bitset.sty
Package: bitset 2019/12/09 v1.3 Handle bit-vector datatype (HO)

(C:\Program Files\MiKTeX\tex/generic/bigintcalc\bigintcalc.sty
Package: bigintcalc 2019/12/15 v1.5 Expandable calculations on big integers (HO
)
))
\Fld@menulength=\count294
\Field@Width=\dimen176
\Fld@charsize=\dimen177
Package hyperref Info: Hyper figures OFF on input line 6076.
Package hyperref Info: Link nesting OFF on input line 6081.
Package hyperref Info: Hyper index ON on input line 6084.
Package hyperref Info: backreferencing OFF on input line 6091.
Package hyperref Info: Link coloring OFF on input line 6096.
Package hyperref Info: Link coloring with OCG OFF on input line 6101.
Package hyperref Info: PDF/A mode OFF on input line 6106.
LaTeX Info: Redefining \ref on input line 6146.
LaTeX Info: Redefining \pageref on input line 6150.

(C:\Program Files\MiKTeX\tex/latex/base\atbegshi-ltx.sty
Package: atbegshi-ltx 2021/01/10 v1.0c Emulation of the original atbegshi
package with kernel methods
)
\Hy@abspage=\count295
\c@Item=\count296
\c@Hfootnote=\count297
)
Package hyperref Info: Driver (autodetected): hpdftex.

(C:\Program Files\MiKTeX\tex/latex/hyperref\hpdftex.def
File: hpdftex.def 2021-06-07 v7.00m Hyperref driver for pdfTeX

(C:\Program Files\MiKTeX\tex/latex/base\atveryend-ltx.sty
Package: atveryend-ltx 2020/08/19 v1.0a Emulation of the original atvery packag
e
with kernel methods
)
\Fld@listcount=\count298
\c@bookmark@seq@number=\count299

(C:\Program Files\MiKTeX\tex/latex/rerunfilecheck\rerunfilecheck.sty
Package: rerunfilecheck 2019/12/05 v1.9 Rerun checks for auxiliary files (HO)

(C:\Program Files\MiKTeX\tex/generic/uniquecounter\uniquecounter.sty
Package: uniquecounter 2019/12/15 v1.4 Provide unlimited unique counter (HO)
)
Package uniquecounter Info: New unique counter `rerunfilecheck' on input line 2
86.
)
\Hy@SectionHShift=\skip59
)
(C:\Program Files\MiKTeX\tex/latex/listings\listings.sty
\lst@mode=\count300
\lst@gtempboxa=\box63
\lst@token=\toks24
\lst@length=\count301
\lst@currlwidth=\dimen178
\lst@column=\count302
\lst@pos=\count303
\lst@lostspace=\dimen179
\lst@width=\dimen180
\lst@newlines=\count304
\lst@lineno=\count305
\lst@maxwidth=\dimen181

(C:\Program Files\MiKTeX\tex/latex/listings\lstmisc.sty
File: lstmisc.sty 2020/03/24 1.8d (Carsten Heinz)
\c@lstnumber=\count306
\lst@skipnumbers=\count307
\lst@framebox=\box64
)
(C:\Program Files\MiKTeX\tex/latex/listings\listings.cfg
File: listings.cfg 2020/03/24 1.8d listings configuration
))
Package: listings 2020/03/24 1.8d (Carsten Heinz)

(C:\Program Files\MiKTeX\tex/latex/xcolor\xcolor.sty
Package: xcolor 2016/05/11 v2.12 LaTeX color extensions (UK)

(C:\Program Files\MiKTeX\tex/latex/graphics-cfg\color.cfg
File: color.cfg 2016/01/02 v1.6 sample color configuration
)
Package xcolor Info: Driver file: pdftex.def on input line 225.
LaTeX Info: Redefining \color on input line 709.
Package xcolor Info: Model `cmy' substituted by `cmy0' on input line 1348.
Package xcolor Info: Model `hsb' substituted by `rgb' on input line 1352.
Package xcolor Info: Model `RGB' extended on input line 1364.
Package xcolor Info: Model `HTML' substituted by `rgb' on input line 1366.
Package xcolor Info: Model `Hsb' substituted by `hsb' on input line 1367.
Package xcolor Info: Model `tHsb' substituted by `hsb' on input line 1368.
Package xcolor Info: Model `HSB' substituted by `hsb' on input line 1369.
Package xcolor Info: Model `Gray' substituted by `gray' on input line 1370.
Package xcolor Info: Model `wave' substituted by `hsb' on input line 1371.
)
(C:\Program Files\MiKTeX\tex/latex/multirow\multirow.sty
Package: multirow 2021/03/15 v2.8 Span multiple rows of a table
\multirow@colwidth=\skip60
\multirow@cntb=\count308
\multirow@dima=\skip61
\bigstrutjot=\dimen182
)
(C:\Program Files\MiKTeX\tex/latex/booktabs\booktabs.sty
Package: booktabs 2020/01/12 v1.61803398 Publication quality tables
\heavyrulewidth=\dimen183
\lightrulewidth=\dimen184
\cmidrulewidth=\dimen185
\belowrulesep=\dimen186
\belowbottomsep=\dimen187
\aboverulesep=\dimen188
\abovetopsep=\dimen189
\cmidrulesep=\dimen190
\cmidrulekern=\dimen191
\defaultaddspace=\dimen192
\@cmidla=\count309
\@cmidlb=\count310
\@aboverulesep=\dimen193
\@belowrulesep=\dimen194
\@thisruleclass=\count311
\@lastruleclass=\count312
\@thisrulewidth=\dimen195
)
(C:\Program Files\MiKTeX\tex/latex/tablefootnote\tablefootnote.sty
Package: tablefootnote 2014/01/26 v1.1c Table foot notes (HMM)

(C:\Program Files\MiKTeX\tex/latex/xifthen\xifthen.sty
Package: xifthen 2015/11/05 v1.4.0 Extended ifthen features

(C:\Program Files\MiKTeX\tex/latex/base\ifthen.sty
Package: ifthen 2020/11/24 v1.1c Standard LaTeX ifthen package (DPC)
)
(C:\Program Files\MiKTeX\tex/latex/ifmtarg\ifmtarg.sty
Package: ifmtarg 2018/04/16 v1.2b check for an empty argument
)))
Package translations Info: No language package found. I am going to use `englis
h' as default language. on input line 32.

(Bayesian-Project-JW-EZ.aux)
\openout1 = `Bayesian-Project-JW-EZ.aux'.

LaTeX Font Info:    Checking defaults for OML/cmm/m/it on input line 32.
LaTeX Font Info:    ... okay on input line 32.
LaTeX Font Info:    Checking defaults for OMS/cmsy/m/n on input line 32.
LaTeX Font Info:    ... okay on input line 32.
LaTeX Font Info:    Checking defaults for OT1/cmr/m/n on input line 32.
LaTeX Font Info:    ... okay on input line 32.
LaTeX Font Info:    Checking defaults for T1/cmr/m/n on input line 32.
LaTeX Font Info:    ... okay on input line 32.
LaTeX Font Info:    Checking defaults for TS1/cmr/m/n on input line 32.
LaTeX Font Info:    ... okay on input line 32.
LaTeX Font Info:    Checking defaults for OMX/cmex/m/n on input line 32.
LaTeX Font Info:    ... okay on input line 32.
LaTeX Font Info:    Checking defaults for U/cmr/m/n on input line 32.
LaTeX Font Info:    ... okay on input line 32.
LaTeX Font Info:    Checking defaults for PD1/pdf/m/n on input line 32.
LaTeX Font Info:    ... okay on input line 32.
LaTeX Font Info:    Checking defaults for PU/pdf/m/n on input line 32.
LaTeX Font Info:    ... okay on input line 32.

*geometry* driver: auto-detecting
*geometry* detected driver: pdftex
*geometry* verbose mode - [ preamble ] result:
* driver: pdftex
* paper: a4paper
* layout: <same size as paper>
* layoutoffset:(h,v)=(0.0pt,0.0pt)
* modes: 
* h-part:(L,W,R)=(56.9055pt, 483.69684pt, 56.90553pt)
* v-part:(T,H,B)=(56.9055pt, 731.23582pt, 56.90552pt)
* \paperwidth=597.50787pt
* \paperheight=845.04684pt
* \textwidth=483.69684pt
* \textheight=731.23582pt
* \oddsidemargin=-15.36449pt
* \evensidemargin=-15.36449pt
* \topmargin=-52.36449pt
* \headheight=12.0pt
* \headsep=25.0pt
* \topskip=10.0pt
* \footskip=30.0pt
* \marginparwidth=65.0pt
* \marginparsep=11.0pt
* \columnsep=10.0pt
* \skip\footins=9.0pt plus 4.0pt minus 2.0pt
* \hoffset=0.0pt
* \voffset=0.0pt
* \mag=1000
* \@twocolumnfalse
* \@twosidefalse
* \@mparswitchfalse
* \@reversemarginfalse
* (1in=72.27pt=25.4mm, 1cm=28.453pt)

(C:\Program Files\MiKTeX\tex/context/base/mkii\supp-pdf.mkii
[Loading MPS to PDF converter (version 2006.09.02).]
\scratchcounter=\count313
\scratchdimen=\dimen196
\scratchbox=\box65
\nofMPsegments=\count314
\nofMParguments=\count315
\everyMPshowfont=\toks25
\MPscratchCnt=\count316
\MPscratchDim=\dimen197
\MPnumerator=\count317
\makeMPintoPDFobject=\count318
\everyMPtoPDFconversion=\toks26
) (C:\Program Files\MiKTeX\tex/latex/epstopdf-pkg\epstopdf-base.sty
Package: epstopdf-base 2020-01-24 v2.11 Base part for package epstopdf
Package epstopdf-base Info: Redefining graphics rule for `.eps' on input line 4
85.

(C:\Program Files\MiKTeX\tex/latex/00miktex\epstopdf-sys.cfg
File: epstopdf-sys.cfg 2021/03/18 v2.0 Configuration of epstopdf for MiKTeX
))
(C:\Program Files\MiKTeX\tex/latex/translations/dicts\translations-basic-dictio
nary-english.trsl
File: translations-basic-dictionary-english.trsl (english translation file `tra
nslations-basic-dictionary')
)
Package translations Info: loading dictionary `translations-basic-dictionary' f
or `english'. on input line 32.
Package caption Info: Begin \AtBeginDocument code.
Package caption Info: hyperref package is loaded.
Package caption Info: listings package is loaded.
Package caption Info: threeparttable package is loaded.
Package caption Info: End \AtBeginDocument code.
Package hyperref Info: Link coloring OFF on input line 32.
 (C:\Program Files\MiKTeX\tex/latex/hyperref\nameref.sty
Package: nameref 2021-04-02 v2.47 Cross-referencing by name of section

(C:\Program Files\MiKTeX\tex/latex/refcount\refcount.sty
Package: refcount 2019/12/15 v3.6 Data extraction from label references (HO)
)
(C:\Program Files\MiKTeX\tex/generic/gettitlestring\gettitlestring.sty
Package: gettitlestring 2019/12/15 v1.6 Cleanup title references (HO)
)
\c@section@level=\count319
)
LaTeX Info: Redefining \ref on input line 32.
LaTeX Info: Redefining \pageref on input line 32.
LaTeX Info: Redefining \nameref on input line 32.

(Bayesian-Project-JW-EZ.out) (Bayesian-Project-JW-EZ.out)
\@outlinefile=\write3
\openout3 = `Bayesian-Project-JW-EZ.out'.

\c@lstlisting=\count320
<logo.png, id=47, 803.0pt x 803.0pt>
File: logo.png Graphic file (type png)
<use logo.png>
Package pdftex.def Info: logo.png  used on input line 55.
(pdftex.def)             Requested size: 160.59715pt x 160.59715pt.
 [1

{C:/Users/Julia/AppData/Local/MiKTeX/pdftex/config/pdftex.map} <./logo.png>]
(Bayesian-Project-JW-EZ.toc
LaTeX Font Info:    Trying to load font information for U+msa on input line 4.
 (C:\Program Files\MiKTeX\tex/latex/amsfonts\umsa.fd
File: umsa.fd 2013/01/14 v3.01 AMS symbols A
)
LaTeX Font Info:    Trying to load font information for U+msb on input line 4.
 (C:\Program Files\MiKTeX\tex/latex/amsfonts\umsb.fd
File: umsb.fd 2013/01/14 v3.01 AMS symbols B
))
\tf@toc=\write4
\openout4 = `Bayesian-Project-JW-EZ.toc'.



Package hyperref Warning: Token not allowed in a PDF string (Unicode):
(hyperref)                removing `\begingroup' on input line 84.


Package hyperref Warning: Token not allowed in a PDF string (Unicode):
(hyperref)                removing `\let' on input line 84.


Package hyperref Warning: Token not allowed in a PDF string (Unicode):
(hyperref)                removing `\<let>-command' on input line 84.


Package hyperref Warning: Token not allowed in a PDF string (Unicode):
(hyperref)                removing `\NAT@ctype' on input line 84.


Package hyperref Warning: Token not allowed in a PDF string (Unicode):
(hyperref)                removing `\z@' on input line 84.


Package hyperref Warning: Token not allowed in a PDF string (Unicode):
(hyperref)                removing `\let' on input line 84.


Package hyperref Warning: Token not allowed in a PDF string (Unicode):
(hyperref)                removing `\new@ifnextchar' on input line 84.


Overfull \hbox (2.86517pt too wide) in paragraph at lines 100--100
[]|\OT1/cmr/bx/n/8 Year|  
 []

pdfTeX warning (ext4): destination with the same identifier (name{page.1}) has 
been already used, duplicate ignored
<to be read again> 
                   \relax 
l.117 \begin{align*}
                     [1] [2]
Overfull \hbox (3.25822pt too wide) in paragraph at lines 193--193
[]|\OT1/cmr/bx/n/8 Chain|  
 []

<rytgaard1990/density_alpha.png, id=127, 416.30531pt x 174.6525pt>
File: rytgaard1990/density_alpha.png Graphic file (type png)
<use rytgaard1990/density_alpha.png>
Package pdftex.def Info: rytgaard1990/density_alpha.png  used on input line 241
.
(pdftex.def)             Requested size: 217.6621pt x 91.3155pt.
<rytgaard1990/density_beta.png, id=128, 416.30531pt x 174.6525pt>
File: rytgaard1990/density_beta.png Graphic file (type png)
<use rytgaard1990/density_beta.png>
Package pdftex.def Info: rytgaard1990/density_beta.png  used on input line 247.

(pdftex.def)             Requested size: 217.6621pt x 91.3155pt.
<rytgaard1990/density_theta.png, id=129, 416.30531pt x 176.91093pt>
File: rytgaard1990/density_theta.png Graphic file (type png)
<use rytgaard1990/density_theta.png>
Package pdftex.def Info: rytgaard1990/density_theta.png  used on input line 255
.
(pdftex.def)             Requested size: 217.6621pt x 92.4963pt.
<rytgaard1990/density_E_y.png, id=130, 416.30531pt x 174.6525pt>
File: rytgaard1990/density_E_y.png Graphic file (type png)
<use rytgaard1990/density_E_y.png>
Package pdftex.def Info: rytgaard1990/density_E_y.png  used on input line 261.
(pdftex.def)             Requested size: 217.6621pt x 91.3155pt.
<rytgaard1990/empirical_vs_pareto.png, id=133, 416.30531pt x 176.91093pt>
File: rytgaard1990/empirical_vs_pareto.png Graphic file (type png)
<use rytgaard1990/empirical_vs_pareto.png>
Package pdftex.def Info: rytgaard1990/empirical_vs_pareto.png  used on input li
ne 273.
(pdftex.def)             Requested size: 241.84842pt x 102.77577pt.
<rytgaard1990/empirical_vs_poisson.png, id=134, 416.30531pt x 176.91093pt>
File: rytgaard1990/empirical_vs_poisson.png Graphic file (type png)
<use rytgaard1990/empirical_vs_poisson.png>
Package pdftex.def Info: rytgaard1990/empirical_vs_poisson.png  used on input l
ine 280.
(pdftex.def)             Requested size: 241.84842pt x 102.77577pt.
[3]
<rytgaard1990/trace_alpha.png, id=154, 417.81094pt x 174.6525pt>
File: rytgaard1990/trace_alpha.png Graphic file (type png)
<use rytgaard1990/trace_alpha.png>
Package pdftex.def Info: rytgaard1990/trace_alpha.png  used on input line 293.
(pdftex.def)             Requested size: 217.6621pt x 90.9877pt.
<rytgaard1990/trace_beta.png, id=155, 417.81094pt x 174.6525pt>
File: rytgaard1990/trace_beta.png Graphic file (type png)
<use rytgaard1990/trace_beta.png>
Package pdftex.def Info: rytgaard1990/trace_beta.png  used on input line 299.
(pdftex.def)             Requested size: 217.6621pt x 90.9877pt.
<rytgaard1990/trace_theta.png, id=156, 417.81094pt x 174.6525pt>
File: rytgaard1990/trace_theta.png Graphic file (type png)
<use rytgaard1990/trace_theta.png>
Package pdftex.def Info: rytgaard1990/trace_theta.png  used on input line 307.
(pdftex.def)             Requested size: 217.6621pt x 90.9877pt.
 [4 <./rytgaard1990/density_alpha.png> <./rytgaard1990/density_beta.png> <./ryt
gaard1990/density_theta.png> <./rytgaard1990/density_E_y.png> <./rytgaard1990/e
mpirical_vs_pareto.png> <./rytgaard1990/empirical_vs_poisson.png>]
<rytgaard1990/gelman_alpha.png, id=176, 417.81094pt x 174.6525pt>
File: rytgaard1990/gelman_alpha.png Graphic file (type png)
<use rytgaard1990/gelman_alpha.png>
Package pdftex.def Info: rytgaard1990/gelman_alpha.png  used on input line 350.

(pdftex.def)             Requested size: 217.6621pt x 90.9877pt.
<rytgaard1990/gelman_beta.png, id=177, 417.81094pt x 174.6525pt>
File: rytgaard1990/gelman_beta.png Graphic file (type png)
<use rytgaard1990/gelman_beta.png>
Package pdftex.def Info: rytgaard1990/gelman_beta.png  used on input line 356.
(pdftex.def)             Requested size: 217.6621pt x 90.9877pt.
<rytgaard1990/gelman_theta.png, id=178, 417.81094pt x 174.6525pt>
File: rytgaard1990/gelman_theta.png Graphic file (type png)
<use rytgaard1990/gelman_theta.png>
Package pdftex.def Info: rytgaard1990/gelman_theta.png  used on input line 364.

(pdftex.def)             Requested size: 217.6621pt x 90.9877pt.
<rytgaard1990/acf_alpha.png, id=184, 416.30531pt x 176.91093pt>
File: rytgaard1990/acf_alpha.png Graphic file (type png)
<use rytgaard1990/acf_alpha.png>
Package pdftex.def Info: rytgaard1990/acf_alpha.png  used on input line 377.
(pdftex.def)             Requested size: 217.6621pt x 92.4963pt.
<rytgaard1990/acf_beta.png, id=185, 416.30531pt x 176.91093pt>
File: rytgaard1990/acf_beta.png Graphic file (type png)
<use rytgaard1990/acf_beta.png>
Package pdftex.def Info: rytgaard1990/acf_beta.png  used on input line 383.
(pdftex.def)             Requested size: 217.6621pt x 92.4963pt.
<rytgaard1990/acf_theta.png, id=186, 416.30531pt x 176.91093pt>
File: rytgaard1990/acf_theta.png Graphic file (type png)
<use rytgaard1990/acf_theta.png>
Package pdftex.def Info: rytgaard1990/acf_theta.png  used on input line 391.
(pdftex.def)             Requested size: 217.6621pt x 92.4963pt.
 [5 <./rytgaard1990/trace_alpha.png> <./rytgaard1990/trace_beta.png> <./rytgaar
d1990/trace_theta.png> <./rytgaard1990/gelman_alpha.png> <./rytgaard1990/gelman
_beta.png> <./rytgaard1990/gelman_theta.png>]
<rytgaard1990/trace_after_thinning_alpha.png, id=204, 416.30531pt x 174.6525pt>

File: rytgaard1990/trace_after_thinning_alpha.png Graphic file (type png)
<use rytgaard1990/trace_after_thinning_alpha.png>
Package pdftex.def Info: rytgaard1990/trace_after_thinning_alpha.png  used on i
nput line 431.
(pdftex.def)             Requested size: 217.6621pt x 91.3155pt.
<rytgaard1990/trace_after_thinning_beta.png, id=205, 416.30531pt x 174.6525pt>
File: rytgaard1990/trace_after_thinning_beta.png Graphic file (type png)
<use rytgaard1990/trace_after_thinning_beta.png>
Package pdftex.def Info: rytgaard1990/trace_after_thinning_beta.png  used on in
put line 437.
(pdftex.def)             Requested size: 217.6621pt x 91.3155pt.
<rytgaard1990/trace_after_thinning_theta.png, id=206, 416.30531pt x 174.6525pt>

File: rytgaard1990/trace_after_thinning_theta.png Graphic file (type png)
<use rytgaard1990/trace_after_thinning_theta.png>
Package pdftex.def Info: rytgaard1990/trace_after_thinning_theta.png  used on i
nput line 445.
(pdftex.def)             Requested size: 217.6621pt x 91.3155pt.
<rytgaard1990/acf_after_thinning_alpha.png, id=207, 416.30531pt x 176.91093pt>
File: rytgaard1990/acf_after_thinning_alpha.png Graphic file (type png)
<use rytgaard1990/acf_after_thinning_alpha.png>
Package pdftex.def Info: rytgaard1990/acf_after_thinning_alpha.png  used on inp
ut line 456.
(pdftex.def)             Requested size: 217.6621pt x 92.4963pt.
<rytgaard1990/acf_after_thinning_beta.png, id=208, 416.30531pt x 176.91093pt>
File: rytgaard1990/acf_after_thinning_beta.png Graphic file (type png)
<use rytgaard1990/acf_after_thinning_beta.png>
Package pdftex.def Info: rytgaard1990/acf_after_thinning_beta.png  used on inpu
t line 462.
(pdftex.def)             Requested size: 217.6621pt x 92.4963pt.
<rytgaard1990/acf_after_thinning_theta.png, id=209, 416.30531pt x 176.91093pt>
File: rytgaard1990/acf_after_thinning_theta.png Graphic file (type png)
<use rytgaard1990/acf_after_thinning_theta.png>
Package pdftex.def Info: rytgaard1990/acf_after_thinning_theta.png  used on inp
ut line 470.
(pdftex.def)             Requested size: 217.6621pt x 92.4963pt.
 [6 <./rytgaard1990/acf_alpha.png (PNG copy)> <./rytgaard1990/acf_beta.png (PNG
 copy)> <./rytgaard1990/acf_theta.png (PNG copy)> <./rytgaard1990/trace_after_t
hinning_alpha.png> <./rytgaard1990/trace_after_thinning_beta.png> <./rytgaard19
90/trace_after_thinning_theta.png>]
Overfull \hbox (3.05563pt too wide) in paragraph at lines 543--543
[]|\OT1/cmr/m/n/8 10|  
 []


Overfull \hbox (3.05563pt too wide) in paragraph at lines 544--544
[]|\OT1/cmr/m/n/8 11|  
 []


Overfull \hbox (3.05563pt too wide) in paragraph at lines 545--545
[]|\OT1/cmr/m/n/8 12|  
 []


Overfull \hbox (3.05563pt too wide) in paragraph at lines 546--546
[]|\OT1/cmr/m/n/8 13|  
 []


Overfull \hbox (3.05563pt too wide) in paragraph at lines 547--547
[]|\OT1/cmr/m/n/8 14|  
 []

[7 <./rytgaard1990/acf_after_thinning_alpha.png (PNG copy)> <./rytgaard1990/acf
_after_thinning_beta.png (PNG copy)> <./rytgaard1990/acf_after_thinning_theta.p
ng (PNG copy)>]
<rytgaard1990/predictive_Y_f.png, id=234, 420.06938pt x 174.6525pt>
File: rytgaard1990/predictive_Y_f.png Graphic file (type png)
<use rytgaard1990/predictive_Y_f.png>
Package pdftex.def Info: rytgaard1990/predictive_Y_f.png  used on input line 55
6.
(pdftex.def)             Requested size: 241.84842pt x 100.55232pt.
<rytgaard1990/predictive_S_f.png, id=239, 416.30531pt x 185.19188pt>
File: rytgaard1990/predictive_S_f.png Graphic file (type png)
<use rytgaard1990/predictive_S_f.png>
Package pdftex.def Info: rytgaard1990/predictive_S_f.png  used on input line 57
2.
(pdftex.def)             Requested size: 241.84842pt x 107.58655pt.
 [8 <./rytgaard1990/predictive_Y_f.png> <./rytgaard1990/predictive_S_f.png>]
Overfull \hbox (3.25822pt too wide) in paragraph at lines 654--654
[]|\OT1/cmr/bx/n/8 Chain|  
 []

[9]
<itamtplcost/trace_after_thinning_mu.png, id=300, 416.30531pt x 174.6525pt>
File: itamtplcost/trace_after_thinning_mu.png Graphic file (type png)
<use itamtplcost/trace_after_thinning_mu.png>
Package pdftex.def Info: itamtplcost/trace_after_thinning_mu.png  used on input
 line 669.
(pdftex.def)             Requested size: 217.6621pt x 91.3155pt.
<itamtplcost/trace_after_thinning_tau.png, id=301, 416.30531pt x 174.6525pt>
File: itamtplcost/trace_after_thinning_tau.png Graphic file (type png)
<use itamtplcost/trace_after_thinning_tau.png>
Package pdftex.def Info: itamtplcost/trace_after_thinning_tau.png  used on inpu
t line 675.
(pdftex.def)             Requested size: 217.6621pt x 91.3155pt.
<itamtplcost/trace_after_thinning_theta.png, id=302, 416.30531pt x 174.6525pt>
File: itamtplcost/trace_after_thinning_theta.png Graphic file (type png)
<use itamtplcost/trace_after_thinning_theta.png>
Package pdftex.def Info: itamtplcost/trace_after_thinning_theta.png  used on in
put line 683.
(pdftex.def)             Requested size: 217.6621pt x 91.3155pt.
<itamtplcost/density_mu.png, id=310, 416.30531pt x 174.6525pt>
File: itamtplcost/density_mu.png Graphic file (type png)
<use itamtplcost/density_mu.png>
Package pdftex.def Info: itamtplcost/density_mu.png  used on input line 718.
(pdftex.def)             Requested size: 217.6621pt x 91.3155pt.
<itamtplcost/density_tau.png, id=311, 416.30531pt x 176.15813pt>
File: itamtplcost/density_tau.png Graphic file (type png)
<use itamtplcost/density_tau.png>
Package pdftex.def Info: itamtplcost/density_tau.png  used on input line 724.
(pdftex.def)             Requested size: 217.6621pt x 92.1027pt.
<itamtplcost/density_theta.png, id=312, 416.30531pt x 180.675pt>
File: itamtplcost/density_theta.png Graphic file (type png)
<use itamtplcost/density_theta.png>
Package pdftex.def Info: itamtplcost/density_theta.png  used on input line 732.

(pdftex.def)             Requested size: 217.6621pt x 94.46431pt.
<itamtplcost/density_E_y.png, id=313, 416.30531pt x 180.675pt>
File: itamtplcost/density_E_y.png Graphic file (type png)
<use itamtplcost/density_E_y.png>
Package pdftex.def Info: itamtplcost/density_E_y.png  used on input line 738.
(pdftex.def)             Requested size: 217.6621pt x 94.46431pt.
<itamtplcost/empirical_vs_lognormal.png, id=316, 416.30531pt x 176.91093pt>
File: itamtplcost/empirical_vs_lognormal.png Graphic file (type png)
<use itamtplcost/empirical_vs_lognormal.png>
Package pdftex.def Info: itamtplcost/empirical_vs_lognormal.png  used on input 
line 750.
(pdftex.def)             Requested size: 241.84842pt x 102.77577pt.
<itamtplcost/empirical_vs_poisson.png, id=317, 416.30531pt x 176.91093pt>
File: itamtplcost/empirical_vs_poisson.png Graphic file (type png)
<use itamtplcost/empirical_vs_poisson.png>
Package pdftex.def Info: itamtplcost/empirical_vs_poisson.png  used on input li
ne 757.
(pdftex.def)             Requested size: 241.84842pt x 102.77577pt.
 [10 <./itamtplcost/trace_after_thinning_mu.png> <./itamtplcost/trace_after_thi
nning_tau.png> <./itamtplcost/trace_after_thinning_theta.png>]
<itamtplcost/predictive_Y_f.png, id=333, 416.30531pt x 185.19188pt>
File: itamtplcost/predictive_Y_f.png Graphic file (type png)
<use itamtplcost/predictive_Y_f.png>
Package pdftex.def Info: itamtplcost/predictive_Y_f.png  used on input line 766
.
(pdftex.def)             Requested size: 241.84842pt x 107.58655pt.
 [11 <./itamtplcost/density_mu.png> <./itamtplcost/density_tau.png> <./itamtplc
ost/density_theta.png> <./itamtplcost/density_E_y.png> <./itamtplcost/empirical
_vs_lognormal.png> <./itamtplcost/empirical_vs_poisson.png> <./itamtplcost/pred
ictive_Y_f.png>]
<itamtplcost/predictive_S_f.png, id=346, 416.30531pt x 174.6525pt>
File: itamtplcost/predictive_S_f.png Graphic file (type png)
<use itamtplcost/predictive_S_f.png>
Package pdftex.def Info: itamtplcost/predictive_S_f.png  used on input line 775
.
(pdftex.def)             Requested size: 241.84842pt x 101.46375pt.

Overfull \hbox (3.25822pt too wide) in paragraph at lines 795--795
[]|\OT1/cmr/bx/n/8 Chain|  
 []


LaTeX Warning: Reference `fig:20' on page 12 undefined on input line 802.

(Bayesian-Project-JW-EZ.bbl [12 <./itamtplcost/predictive_S_f.png>]) [13]
(Bayesian-Project-JW-EZ.aux)

LaTeX Warning: There were undefined references.

Package rerunfilecheck Info: File `Bayesian-Project-JW-EZ.out' has not changed.

(rerunfilecheck)             Checksum: D071AE79F0CBEC99F3354502FB724079;1899.
 ) 
Here is how much of TeX's memory you used:
 17054 strings out of 478869
 312302 string characters out of 2860379
 618541 words of memory out of 3000000
 34609 multiletter control sequences out of 15000+600000
 417201 words of font info for 78 fonts, out of 8000000 for 9000
 1141 hyphenation exceptions out of 8191
 73i,13n,81p,906b,869s stack positions out of 5000i,500n,10000p,200000b,80000s
{C:/Program Files/MiKTeX/fonts/enc/dvips/cm-super/cm-super-ts1.enc}<C:/Progra
m Files/MiKTeX/fonts/type1/public/amsfonts/cm/cmbx10.pfb><C:/Program Files/MiKT
eX/fonts/type1/public/amsfonts/cm/cmbx12.pfb><C:/Program Files/MiKTeX/fonts/typ
e1/public/amsfonts/cm/cmbx7.pfb><C:/Program Files/MiKTeX/fonts/type1/public/ams
fonts/cm/cmbx8.pfb><C:/Program Files/MiKTeX/fonts/type1/public/amsfonts/cm/cmcs
c10.pfb><C:/Program Files/MiKTeX/fonts/type1/public/amsfonts/cm/cmex10.pfb><C:/
Program Files/MiKTeX/fonts/type1/public/amsfonts/cmextra/cmex7.pfb><C:/Program 
Files/MiKTeX/fonts/type1/public/amsfonts/cm/cmmi10.pfb><C:/Program Files/MiKTeX
/fonts/type1/public/amsfonts/cm/cmmi5.pfb><C:/Program Files/MiKTeX/fonts/type1/
public/amsfonts/cm/cmmi6.pfb><C:/Program Files/MiKTeX/fonts/type1/public/amsfon
ts/cm/cmmi7.pfb><C:/Program Files/MiKTeX/fonts/type1/public/amsfonts/cm/cmmi8.p
fb><C:/Program Files/MiKTeX/fonts/type1/public/amsfonts/cm/cmmi9.pfb><C:/Progra
m Files/MiKTeX/fonts/type1/public/amsfonts/cmextra/cmmib8.pfb><C:/Program Files
/MiKTeX/fonts/type1/public/amsfonts/cm/cmr10.pfb><C:/Program Files/MiKTeX/fonts
/type1/public/amsfonts/cm/cmr12.pfb><C:/Program Files/MiKTeX/fonts/type1/public
/amsfonts/cm/cmr5.pfb><C:/Program Files/MiKTeX/fonts/type1/public/amsfonts/cm/c
mr6.pfb><C:/Program Files/MiKTeX/fonts/type1/public/amsfonts/cm/cmr7.pfb><C:/Pr
ogram Files/MiKTeX/fonts/type1/public/amsfonts/cm/cmr8.pfb><C:/Program Files/Mi
KTeX/fonts/type1/public/amsfonts/cm/cmr9.pfb><C:/Program Files/MiKTeX/fonts/typ
e1/public/amsfonts/cm/cmsy10.pfb><C:/Program Files/MiKTeX/fonts/type1/public/am
sfonts/cm/cmsy6.pfb><C:/Program Files/MiKTeX/fonts/type1/public/amsfonts/cm/cms
y7.pfb><C:/Program Files/MiKTeX/fonts/type1/public/amsfonts/cm/cmsy8.pfb><C:/Pr
ogram Files/MiKTeX/fonts/type1/public/amsfonts/cm/cmti10.pfb><C:/Program Files/
MiKTeX/fonts/type1/public/amsfonts/cm/cmtt10.pfb><C:/Program Files/MiKTeX/fonts
/type1/public/amsfonts/cm/cmtt8.pfb><C:/Program Files/MiKTeX/fonts/type1/public
/amsfonts/symbols/msbm10.pfb><C:/Program Files/MiKTeX/fonts/type1/public/cm-sup
er/sfrm1000.pfb>
Output written on Bayesian-Project-JW-EZ.pdf (14 pages, 740949 bytes).
PDF statistics:
 506 PDF objects out of 1000 (max. 8388607)
 76 named destinations out of 1000 (max. 500000)
 264 words of extra memory for PDF output out of 10000 (max. 10000000)

